2013-03-24 10:49:25,748 [INFO] InfoLogger 
	===============|| REQUEST LOG DETAILS ||===============
	 USER_SESSION_ID => 
	 USER_DOMAIN => 
	 USER_AGENT => Mozilla/5.0 (Windows NT 6.1; WOW64) AppleWebKit/537.22 (KHTML, like Gecko) Chrome/25.0.1364.172 Safari/537.22
	 USER_BROWSER => Chrome/25.0.1364.172
	 USER_PLATFORM => WinNT/Mozilla/5.0 (Windows NT 6.1; WOW64) AppleWebKit/537.22 (KHTML, like Gecko) Chrome/25.0.1364.172 Safari/537.22
	 USER_LANG => en-US,en;q=0.8
	 USER_LOCATION => 
	 REQUEST_TYPE => GET
	 MIME_TYPE => image/gif
	 REQUEST_PAGE => /honeypots-app/h-admin/images/bgimage.gif
	 REQUEST_REFERER => http://localhost:1922/honeypots-app/h-admin/performancedetails.aspx?page=/honeypots-app/h-admin/activityhistory.aspx
	 REQUEST_CONTENT_SIZE => 0
	 RESPOSE_STATUS => 200
	 REQUEST_START_TIME => 24/03/2013 10:49:25 AM
	 REQUEST_END_TIME => 24/03/2013 10:49:25 AM
	 PROCESSING_TIME => 0
2013-03-24 10:49:30,854 [INFO] InfoLogger 
	===============|| REQUEST LOG DETAILS ||===============
	 USER_SESSION_ID => m5bslfozhsvpgwhfnnt02iwv
	 USER_DOMAIN => --/--/--/127.0.0.1
	 USER_AGENT => Mozilla/5.0 (Windows NT 6.1; WOW64) AppleWebKit/537.22 (KHTML, like Gecko) Chrome/25.0.1364.172 Safari/537.22
	 USER_BROWSER => Chrome/25.0.1364.172
	 USER_PLATFORM => WinNT/Mozilla/5.0 (Windows NT 6.1; WOW64) AppleWebKit/537.22 (KHTML, like Gecko) Chrome/25.0.1364.172 Safari/537.22
	 USER_LANG => en-US,en;q=0.8
	 USER_LOCATION => --/--
	 REQUEST_TYPE => POST
	 MIME_TYPE => text/html
	 REQUEST_PAGE => /honeypots-app/h-admin/performancedetails.aspx
	 REQUEST_REFERER => http://localhost:1922/honeypots-app/h-admin/performancedetails.aspx?page=/honeypots-app/h-admin/activityhistory.aspx
	 REQUEST_CONTENT_SIZE => 904
	 RESPOSE_STATUS => 200
	 REQUEST_START_TIME => 24/03/2013 10:49:30 AM
	 REQUEST_END_TIME => 24/03/2013 10:49:30 AM
	 PROCESSING_TIME => 11.0006
2013-03-24 10:49:30,904 [INFO] InfoLogger 
	===============|| REQUEST LOG DETAILS ||===============
	 USER_SESSION_ID => 
	 USER_DOMAIN => 
	 USER_AGENT => Mozilla/5.0 (Windows NT 6.1; WOW64) AppleWebKit/537.22 (KHTML, like Gecko) Chrome/25.0.1364.172 Safari/537.22
	 USER_BROWSER => Chrome/25.0.1364.172
	 USER_PLATFORM => WinNT/Mozilla/5.0 (Windows NT 6.1; WOW64) AppleWebKit/537.22 (KHTML, like Gecko) Chrome/25.0.1364.172 Safari/537.22
	 USER_LANG => en-US,en;q=0.8
	 USER_LOCATION => 
	 REQUEST_TYPE => GET
	 MIME_TYPE => text/css
	 REQUEST_PAGE => /honeypots-app/h-admin/Styles/default.css
	 REQUEST_REFERER => http://localhost:1922/honeypots-app/h-admin/performancedetails.aspx?page=/honeypots-app/h-admin/activityhistory.aspx
	 REQUEST_CONTENT_SIZE => 0
	 RESPOSE_STATUS => 200
	 REQUEST_START_TIME => 24/03/2013 10:49:30 AM
	 REQUEST_END_TIME => 24/03/2013 10:49:30 AM
	 PROCESSING_TIME => 1.0001
2013-03-24 10:49:30,904 [INFO] InfoLogger 
	===============|| REQUEST LOG DETAILS ||===============
	 USER_SESSION_ID => 
	 USER_DOMAIN => 
	 USER_AGENT => Mozilla/5.0 (Windows NT 6.1; WOW64) AppleWebKit/537.22 (KHTML, like Gecko) Chrome/25.0.1364.172 Safari/537.22
	 USER_BROWSER => Chrome/25.0.1364.172
	 USER_PLATFORM => WinNT/Mozilla/5.0 (Windows NT 6.1; WOW64) AppleWebKit/537.22 (KHTML, like Gecko) Chrome/25.0.1364.172 Safari/537.22
	 USER_LANG => en-US,en;q=0.8
	 USER_LOCATION => 
	 REQUEST_TYPE => GET
	 MIME_TYPE => text/css
	 REQUEST_PAGE => /honeypots-app/h-admin/Styles/baseStyle.css
	 REQUEST_REFERER => http://localhost:1922/honeypots-app/h-admin/performancedetails.aspx?page=/honeypots-app/h-admin/activityhistory.aspx
	 REQUEST_CONTENT_SIZE => 0
	 RESPOSE_STATUS => 200
	 REQUEST_START_TIME => 24/03/2013 10:49:30 AM
	 REQUEST_END_TIME => 24/03/2013 10:49:30 AM
	 PROCESSING_TIME => 1.0001
2013-03-24 10:49:30,912 [INFO] InfoLogger 
	===============|| REQUEST LOG DETAILS ||===============
	 USER_SESSION_ID => 
	 USER_DOMAIN => 
	 USER_AGENT => Mozilla/5.0 (Windows NT 6.1; WOW64) AppleWebKit/537.22 (KHTML, like Gecko) Chrome/25.0.1364.172 Safari/537.22
	 USER_BROWSER => Chrome/25.0.1364.172
	 USER_PLATFORM => WinNT/Mozilla/5.0 (Windows NT 6.1; WOW64) AppleWebKit/537.22 (KHTML, like Gecko) Chrome/25.0.1364.172 Safari/537.22
	 USER_LANG => en-US,en;q=0.8
	 USER_LOCATION => 
	 REQUEST_TYPE => GET
	 MIME_TYPE => application/x-javascript
	 REQUEST_PAGE => /honeypots-app/h-admin/Scripts/jquery-1.4.1.min.js
	 REQUEST_REFERER => http://localhost:1922/honeypots-app/h-admin/performancedetails.aspx?page=/honeypots-app/h-admin/activityhistory.aspx
	 REQUEST_CONTENT_SIZE => 0
	 RESPOSE_STATUS => 200
	 REQUEST_START_TIME => 24/03/2013 10:49:30 AM
	 REQUEST_END_TIME => 24/03/2013 10:49:30 AM
	 PROCESSING_TIME => 0
2013-03-24 10:49:31,316 [INFO] InfoLogger 
	===============|| REQUEST LOG DETAILS ||===============
	 USER_SESSION_ID => 
	 USER_DOMAIN => 
	 USER_AGENT => Mozilla/5.0 (Windows NT 6.1; WOW64) AppleWebKit/537.22 (KHTML, like Gecko) Chrome/25.0.1364.172 Safari/537.22
	 USER_BROWSER => Chrome/25.0.1364.172
	 USER_PLATFORM => WinNT/Mozilla/5.0 (Windows NT 6.1; WOW64) AppleWebKit/537.22 (KHTML, like Gecko) Chrome/25.0.1364.172 Safari/537.22
	 USER_LANG => en-US,en;q=0.8
	 USER_LOCATION => 
	 REQUEST_TYPE => GET
	 MIME_TYPE => image/gif
	 REQUEST_PAGE => /honeypots-app/h-admin/images/bgimage.gif
	 REQUEST_REFERER => http://localhost:1922/honeypots-app/h-admin/performancedetails.aspx?page=/honeypots-app/h-admin/activityhistory.aspx
	 REQUEST_CONTENT_SIZE => 0
	 RESPOSE_STATUS => 200
	 REQUEST_START_TIME => 24/03/2013 10:49:31 AM
	 REQUEST_END_TIME => 24/03/2013 10:49:31 AM
	 PROCESSING_TIME => 1.0001
2013-03-24 10:49:40,050 [INFO] InfoLogger 
	===============|| REQUEST LOG DETAILS ||===============
	 USER_SESSION_ID => m5bslfozhsvpgwhfnnt02iwv
	 USER_DOMAIN => --/--/--/127.0.0.1
	 USER_AGENT => Mozilla/5.0 (Windows NT 6.1; WOW64) AppleWebKit/537.22 (KHTML, like Gecko) Chrome/25.0.1364.172 Safari/537.22
	 USER_BROWSER => Chrome/25.0.1364.172
	 USER_PLATFORM => WinNT/Mozilla/5.0 (Windows NT 6.1; WOW64) AppleWebKit/537.22 (KHTML, like Gecko) Chrome/25.0.1364.172 Safari/537.22
	 USER_LANG => en-US,en;q=0.8
	 USER_LOCATION => --/--
	 REQUEST_TYPE => GET
	 MIME_TYPE => text/html
	 REQUEST_PAGE => /honeypots-app/h-admin/performance.aspx
	 REQUEST_REFERER => http://localhost:1922/honeypots-app/h-admin/performancedetails.aspx?page=/honeypots-app/h-admin/activityhistory.aspx
	 REQUEST_CONTENT_SIZE => 0
	 RESPOSE_STATUS => 200
	 REQUEST_START_TIME => 24/03/2013 10:49:40 AM
	 REQUEST_END_TIME => 24/03/2013 10:49:40 AM
	 PROCESSING_TIME => 6.0004
2013-03-24 10:49:40,082 [INFO] InfoLogger 
	===============|| REQUEST LOG DETAILS ||===============
	 USER_SESSION_ID => 
	 USER_DOMAIN => 
	 USER_AGENT => Mozilla/5.0 (Windows NT 6.1; WOW64) AppleWebKit/537.22 (KHTML, like Gecko) Chrome/25.0.1364.172 Safari/537.22
	 USER_BROWSER => Chrome/25.0.1364.172
	 USER_PLATFORM => WinNT/Mozilla/5.0 (Windows NT 6.1; WOW64) AppleWebKit/537.22 (KHTML, like Gecko) Chrome/25.0.1364.172 Safari/537.22
	 USER_LANG => en-US,en;q=0.8
	 USER_LOCATION => 
	 REQUEST_TYPE => GET
	 MIME_TYPE => application/x-javascript
	 REQUEST_PAGE => /honeypots-app/h-admin/Scripts/jquery-1.4.1.min.js
	 REQUEST_REFERER => http://localhost:1922/honeypots-app/h-admin/performance.aspx
	 REQUEST_CONTENT_SIZE => 0
	 RESPOSE_STATUS => 200
	 REQUEST_START_TIME => 24/03/2013 10:49:40 AM
	 REQUEST_END_TIME => 24/03/2013 10:49:40 AM
	 PROCESSING_TIME => 1
2013-03-24 10:49:40,083 [INFO] InfoLogger 
	===============|| REQUEST LOG DETAILS ||===============
	 USER_SESSION_ID => 
	 USER_DOMAIN => 
	 USER_AGENT => Mozilla/5.0 (Windows NT 6.1; WOW64) AppleWebKit/537.22 (KHTML, like Gecko) Chrome/25.0.1364.172 Safari/537.22
	 USER_BROWSER => Chrome/25.0.1364.172
	 USER_PLATFORM => WinNT/Mozilla/5.0 (Windows NT 6.1; WOW64) AppleWebKit/537.22 (KHTML, like Gecko) Chrome/25.0.1364.172 Safari/537.22
	 USER_LANG => en-US,en;q=0.8
	 USER_LOCATION => 
	 REQUEST_TYPE => GET
	 MIME_TYPE => text/css
	 REQUEST_PAGE => /honeypots-app/h-admin/Styles/default.css
	 REQUEST_REFERER => http://localhost:1922/honeypots-app/h-admin/performance.aspx
	 REQUEST_CONTENT_SIZE => 0
	 RESPOSE_STATUS => 200
	 REQUEST_START_TIME => 24/03/2013 10:49:40 AM
	 REQUEST_END_TIME => 24/03/2013 10:49:40 AM
	 PROCESSING_TIME => 1
2013-03-24 10:49:40,084 [INFO] InfoLogger 
	===============|| REQUEST LOG DETAILS ||===============
	 USER_SESSION_ID => 
	 USER_DOMAIN => 
	 USER_AGENT => Mozilla/5.0 (Windows NT 6.1; WOW64) AppleWebKit/537.22 (KHTML, like Gecko) Chrome/25.0.1364.172 Safari/537.22
	 USER_BROWSER => Chrome/25.0.1364.172
	 USER_PLATFORM => WinNT/Mozilla/5.0 (Windows NT 6.1; WOW64) AppleWebKit/537.22 (KHTML, like Gecko) Chrome/25.0.1364.172 Safari/537.22
	 USER_LANG => en-US,en;q=0.8
	 USER_LOCATION => 
	 REQUEST_TYPE => GET
	 MIME_TYPE => text/css
	 REQUEST_PAGE => /honeypots-app/h-admin/Styles/baseStyle.css
	 REQUEST_REFERER => http://localhost:1922/honeypots-app/h-admin/performance.aspx
	 REQUEST_CONTENT_SIZE => 0
	 RESPOSE_STATUS => 200
	 REQUEST_START_TIME => 24/03/2013 10:49:40 AM
	 REQUEST_END_TIME => 24/03/2013 10:49:40 AM
	 PROCESSING_TIME => 0
2013-03-24 10:49:40,177 [INFO] InfoLogger 
	===============|| REQUEST LOG DETAILS ||===============
	 USER_SESSION_ID => 
	 USER_DOMAIN => 
	 USER_AGENT => Mozilla/5.0 (Windows NT 6.1; WOW64) AppleWebKit/537.22 (KHTML, like Gecko) Chrome/25.0.1364.172 Safari/537.22
	 USER_BROWSER => Chrome/25.0.1364.172
	 USER_PLATFORM => WinNT/Mozilla/5.0 (Windows NT 6.1; WOW64) AppleWebKit/537.22 (KHTML, like Gecko) Chrome/25.0.1364.172 Safari/537.22
	 USER_LANG => en-US,en;q=0.8
	 USER_LOCATION => 
	 REQUEST_TYPE => GET
	 MIME_TYPE => image/gif
	 REQUEST_PAGE => /honeypots-app/h-admin/images/bgimage.gif
	 REQUEST_REFERER => http://localhost:1922/honeypots-app/h-admin/performance.aspx
	 REQUEST_CONTENT_SIZE => 0
	 RESPOSE_STATUS => 200
	 REQUEST_START_TIME => 24/03/2013 10:49:40 AM
	 REQUEST_END_TIME => 24/03/2013 10:49:40 AM
	 PROCESSING_TIME => 0
2013-03-24 10:49:45,324 [INFO] InfoLogger 
	===============|| REQUEST LOG DETAILS ||===============
	 USER_SESSION_ID => m5bslfozhsvpgwhfnnt02iwv
	 USER_DOMAIN => --/--/--/127.0.0.1
	 USER_AGENT => Mozilla/5.0 (Windows NT 6.1; WOW64) AppleWebKit/537.22 (KHTML, like Gecko) Chrome/25.0.1364.172 Safari/537.22
	 USER_BROWSER => Chrome/25.0.1364.172
	 USER_PLATFORM => WinNT/Mozilla/5.0 (Windows NT 6.1; WOW64) AppleWebKit/537.22 (KHTML, like Gecko) Chrome/25.0.1364.172 Safari/537.22
	 USER_LANG => en-US,en;q=0.8
	 USER_LOCATION => --/--
	 REQUEST_TYPE => GET
	 MIME_TYPE => text/html
	 REQUEST_PAGE => /honeypots-app/h-admin/performancedetails.aspx
	 REQUEST_REFERER => http://localhost:1922/honeypots-app/h-admin/performance.aspx
	 REQUEST_CONTENT_SIZE => 0
	 RESPOSE_STATUS => 200
	 REQUEST_START_TIME => 24/03/2013 10:49:45 AM
	 REQUEST_END_TIME => 24/03/2013 10:49:45 AM
	 PROCESSING_TIME => 11.0006
2013-03-24 10:49:45,369 [INFO] InfoLogger 
	===============|| REQUEST LOG DETAILS ||===============
	 USER_SESSION_ID => 
	 USER_DOMAIN => 
	 USER_AGENT => Mozilla/5.0 (Windows NT 6.1; WOW64) AppleWebKit/537.22 (KHTML, like Gecko) Chrome/25.0.1364.172 Safari/537.22
	 USER_BROWSER => Chrome/25.0.1364.172
	 USER_PLATFORM => WinNT/Mozilla/5.0 (Windows NT 6.1; WOW64) AppleWebKit/537.22 (KHTML, like Gecko) Chrome/25.0.1364.172 Safari/537.22
	 USER_LANG => en-US,en;q=0.8
	 USER_LOCATION => 
	 REQUEST_TYPE => GET
	 MIME_TYPE => text/css
	 REQUEST_PAGE => /honeypots-app/h-admin/Styles/default.css
	 REQUEST_REFERER => http://localhost:1922/honeypots-app/h-admin/performancedetails.aspx?page=/honeypots-app/h-admin/useractivity.aspx
	 REQUEST_CONTENT_SIZE => 0
	 RESPOSE_STATUS => 200
	 REQUEST_START_TIME => 24/03/2013 10:49:45 AM
	 REQUEST_END_TIME => 24/03/2013 10:49:45 AM
	 PROCESSING_TIME => 0
2013-03-24 10:49:45,370 [INFO] InfoLogger 
	===============|| REQUEST LOG DETAILS ||===============
	 USER_SESSION_ID => 
	 USER_DOMAIN => 
	 USER_AGENT => Mozilla/5.0 (Windows NT 6.1; WOW64) AppleWebKit/537.22 (KHTML, like Gecko) Chrome/25.0.1364.172 Safari/537.22
	 USER_BROWSER => Chrome/25.0.1364.172
	 USER_PLATFORM => WinNT/Mozilla/5.0 (Windows NT 6.1; WOW64) AppleWebKit/537.22 (KHTML, like Gecko) Chrome/25.0.1364.172 Safari/537.22
	 USER_LANG => en-US,en;q=0.8
	 USER_LOCATION => 
	 REQUEST_TYPE => GET
	 MIME_TYPE => text/css
	 REQUEST_PAGE => /honeypots-app/h-admin/Styles/baseStyle.css
	 REQUEST_REFERER => http://localhost:1922/honeypots-app/h-admin/performancedetails.aspx?page=/honeypots-app/h-admin/useractivity.aspx
	 REQUEST_CONTENT_SIZE => 0
	 RESPOSE_STATUS => 200
	 REQUEST_START_TIME => 24/03/2013 10:49:45 AM
	 REQUEST_END_TIME => 24/03/2013 10:49:45 AM
	 PROCESSING_TIME => 1
2013-03-24 10:49:45,371 [INFO] InfoLogger 
	===============|| REQUEST LOG DETAILS ||===============
	 USER_SESSION_ID => 
	 USER_DOMAIN => 
	 USER_AGENT => Mozilla/5.0 (Windows NT 6.1; WOW64) AppleWebKit/537.22 (KHTML, like Gecko) Chrome/25.0.1364.172 Safari/537.22
	 USER_BROWSER => Chrome/25.0.1364.172
	 USER_PLATFORM => WinNT/Mozilla/5.0 (Windows NT 6.1; WOW64) AppleWebKit/537.22 (KHTML, like Gecko) Chrome/25.0.1364.172 Safari/537.22
	 USER_LANG => en-US,en;q=0.8
	 USER_LOCATION => 
	 REQUEST_TYPE => GET
	 MIME_TYPE => application/x-javascript
	 REQUEST_PAGE => /honeypots-app/h-admin/Scripts/jquery-1.4.1.min.js
	 REQUEST_REFERER => http://localhost:1922/honeypots-app/h-admin/performancedetails.aspx?page=/honeypots-app/h-admin/useractivity.aspx
	 REQUEST_CONTENT_SIZE => 0
	 RESPOSE_STATUS => 200
	 REQUEST_START_TIME => 24/03/2013 10:49:45 AM
	 REQUEST_END_TIME => 24/03/2013 10:49:45 AM
	 PROCESSING_TIME => 0
2013-03-24 10:49:45,475 [INFO] InfoLogger 
	===============|| REQUEST LOG DETAILS ||===============
	 USER_SESSION_ID => 
	 USER_DOMAIN => 
	 USER_AGENT => Mozilla/5.0 (Windows NT 6.1; WOW64) AppleWebKit/537.22 (KHTML, like Gecko) Chrome/25.0.1364.172 Safari/537.22
	 USER_BROWSER => Chrome/25.0.1364.172
	 USER_PLATFORM => WinNT/Mozilla/5.0 (Windows NT 6.1; WOW64) AppleWebKit/537.22 (KHTML, like Gecko) Chrome/25.0.1364.172 Safari/537.22
	 USER_LANG => en-US,en;q=0.8
	 USER_LOCATION => 
	 REQUEST_TYPE => GET
	 MIME_TYPE => image/gif
	 REQUEST_PAGE => /honeypots-app/h-admin/images/bgimage.gif
	 REQUEST_REFERER => http://localhost:1922/honeypots-app/h-admin/performancedetails.aspx?page=/honeypots-app/h-admin/useractivity.aspx
	 REQUEST_CONTENT_SIZE => 0
	 RESPOSE_STATUS => 200
	 REQUEST_START_TIME => 24/03/2013 10:49:45 AM
	 REQUEST_END_TIME => 24/03/2013 10:49:45 AM
	 PROCESSING_TIME => 1.0001
2013-03-24 10:49:49,752 [INFO] InfoLogger 
	===============|| REQUEST LOG DETAILS ||===============
	 USER_SESSION_ID => m5bslfozhsvpgwhfnnt02iwv
	 USER_DOMAIN => --/--/--/127.0.0.1
	 USER_AGENT => Mozilla/5.0 (Windows NT 6.1; WOW64) AppleWebKit/537.22 (KHTML, like Gecko) Chrome/25.0.1364.172 Safari/537.22
	 USER_BROWSER => Chrome/25.0.1364.172
	 USER_PLATFORM => WinNT/Mozilla/5.0 (Windows NT 6.1; WOW64) AppleWebKit/537.22 (KHTML, like Gecko) Chrome/25.0.1364.172 Safari/537.22
	 USER_LANG => en-US,en;q=0.8
	 USER_LOCATION => --/--
	 REQUEST_TYPE => POST
	 MIME_TYPE => text/html
	 REQUEST_PAGE => /honeypots-app/h-admin/performancedetails.aspx
	 REQUEST_REFERER => http://localhost:1922/honeypots-app/h-admin/performancedetails.aspx?page=/honeypots-app/h-admin/useractivity.aspx
	 REQUEST_CONTENT_SIZE => 893
	 RESPOSE_STATUS => 200
	 REQUEST_START_TIME => 24/03/2013 10:49:49 AM
	 REQUEST_END_TIME => 24/03/2013 10:49:49 AM
	 PROCESSING_TIME => 13.0007
2013-03-24 10:49:49,819 [INFO] InfoLogger 
	===============|| REQUEST LOG DETAILS ||===============
	 USER_SESSION_ID => 
	 USER_DOMAIN => 
	 USER_AGENT => Mozilla/5.0 (Windows NT 6.1; WOW64) AppleWebKit/537.22 (KHTML, like Gecko) Chrome/25.0.1364.172 Safari/537.22
	 USER_BROWSER => Chrome/25.0.1364.172
	 USER_PLATFORM => WinNT/Mozilla/5.0 (Windows NT 6.1; WOW64) AppleWebKit/537.22 (KHTML, like Gecko) Chrome/25.0.1364.172 Safari/537.22
	 USER_LANG => en-US,en;q=0.8
	 USER_LOCATION => 
	 REQUEST_TYPE => GET
	 MIME_TYPE => application/x-javascript
	 REQUEST_PAGE => /honeypots-app/h-admin/Scripts/jquery-1.4.1.min.js
	 REQUEST_REFERER => http://localhost:1922/honeypots-app/h-admin/performancedetails.aspx?page=/honeypots-app/h-admin/useractivity.aspx
	 REQUEST_CONTENT_SIZE => 0
	 RESPOSE_STATUS => 200
	 REQUEST_START_TIME => 24/03/2013 10:49:49 AM
	 REQUEST_END_TIME => 24/03/2013 10:49:49 AM
	 PROCESSING_TIME => 1
2013-03-24 10:49:49,819 [INFO] InfoLogger 
	===============|| REQUEST LOG DETAILS ||===============
	 USER_SESSION_ID => 
	 USER_DOMAIN => 
	 USER_AGENT => Mozilla/5.0 (Windows NT 6.1; WOW64) AppleWebKit/537.22 (KHTML, like Gecko) Chrome/25.0.1364.172 Safari/537.22
	 USER_BROWSER => Chrome/25.0.1364.172
	 USER_PLATFORM => WinNT/Mozilla/5.0 (Windows NT 6.1; WOW64) AppleWebKit/537.22 (KHTML, like Gecko) Chrome/25.0.1364.172 Safari/537.22
	 USER_LANG => en-US,en;q=0.8
	 USER_LOCATION => 
	 REQUEST_TYPE => GET
	 MIME_TYPE => text/css
	 REQUEST_PAGE => /honeypots-app/h-admin/Styles/default.css
	 REQUEST_REFERER => http://localhost:1922/honeypots-app/h-admin/performancedetails.aspx?page=/honeypots-app/h-admin/useractivity.aspx
	 REQUEST_CONTENT_SIZE => 0
	 RESPOSE_STATUS => 200
	 REQUEST_START_TIME => 24/03/2013 10:49:49 AM
	 REQUEST_END_TIME => 24/03/2013 10:49:49 AM
	 PROCESSING_TIME => 0
2013-03-24 10:49:49,833 [INFO] InfoLogger 
	===============|| REQUEST LOG DETAILS ||===============
	 USER_SESSION_ID => 
	 USER_DOMAIN => 
	 USER_AGENT => Mozilla/5.0 (Windows NT 6.1; WOW64) AppleWebKit/537.22 (KHTML, like Gecko) Chrome/25.0.1364.172 Safari/537.22
	 USER_BROWSER => Chrome/25.0.1364.172
	 USER_PLATFORM => WinNT/Mozilla/5.0 (Windows NT 6.1; WOW64) AppleWebKit/537.22 (KHTML, like Gecko) Chrome/25.0.1364.172 Safari/537.22
	 USER_LANG => en-US,en;q=0.8
	 USER_LOCATION => 
	 REQUEST_TYPE => GET
	 MIME_TYPE => text/css
	 REQUEST_PAGE => /honeypots-app/h-admin/Styles/baseStyle.css
	 REQUEST_REFERER => http://localhost:1922/honeypots-app/h-admin/performancedetails.aspx?page=/honeypots-app/h-admin/useractivity.aspx
	 REQUEST_CONTENT_SIZE => 0
	 RESPOSE_STATUS => 200
	 REQUEST_START_TIME => 24/03/2013 10:49:49 AM
	 REQUEST_END_TIME => 24/03/2013 10:49:49 AM
	 PROCESSING_TIME => 0
2013-03-24 10:49:49,965 [INFO] InfoLogger 
	===============|| REQUEST LOG DETAILS ||===============
	 USER_SESSION_ID => 
	 USER_DOMAIN => 
	 USER_AGENT => Mozilla/5.0 (Windows NT 6.1; WOW64) AppleWebKit/537.22 (KHTML, like Gecko) Chrome/25.0.1364.172 Safari/537.22
	 USER_BROWSER => Chrome/25.0.1364.172
	 USER_PLATFORM => WinNT/Mozilla/5.0 (Windows NT 6.1; WOW64) AppleWebKit/537.22 (KHTML, like Gecko) Chrome/25.0.1364.172 Safari/537.22
	 USER_LANG => en-US,en;q=0.8
	 USER_LOCATION => 
	 REQUEST_TYPE => GET
	 MIME_TYPE => image/gif
	 REQUEST_PAGE => /honeypots-app/h-admin/images/bgimage.gif
	 REQUEST_REFERER => http://localhost:1922/honeypots-app/h-admin/performancedetails.aspx?page=/honeypots-app/h-admin/useractivity.aspx
	 REQUEST_CONTENT_SIZE => 0
	 RESPOSE_STATUS => 200
	 REQUEST_START_TIME => 24/03/2013 10:49:49 AM
	 REQUEST_END_TIME => 24/03/2013 10:49:49 AM
	 PROCESSING_TIME => 1
2013-03-24 10:49:52,842 [INFO] InfoLogger 
	===============|| REQUEST LOG DETAILS ||===============
	 USER_SESSION_ID => m5bslfozhsvpgwhfnnt02iwv
	 USER_DOMAIN => --/--/--/127.0.0.1
	 USER_AGENT => Mozilla/5.0 (Windows NT 6.1; WOW64) AppleWebKit/537.22 (KHTML, like Gecko) Chrome/25.0.1364.172 Safari/537.22
	 USER_BROWSER => Chrome/25.0.1364.172
	 USER_PLATFORM => WinNT/Mozilla/5.0 (Windows NT 6.1; WOW64) AppleWebKit/537.22 (KHTML, like Gecko) Chrome/25.0.1364.172 Safari/537.22
	 USER_LANG => en-US,en;q=0.8
	 USER_LOCATION => --/--
	 REQUEST_TYPE => GET
	 MIME_TYPE => text/html
	 REQUEST_PAGE => /honeypots-app/h-admin/performance.aspx
	 REQUEST_REFERER => http://localhost:1922/honeypots-app/h-admin/performancedetails.aspx?page=/honeypots-app/h-admin/useractivity.aspx
	 REQUEST_CONTENT_SIZE => 0
	 RESPOSE_STATUS => 200
	 REQUEST_START_TIME => 24/03/2013 10:49:52 AM
	 REQUEST_END_TIME => 24/03/2013 10:49:52 AM
	 PROCESSING_TIME => 8.0004
2013-03-24 10:49:52,870 [INFO] InfoLogger 
	===============|| REQUEST LOG DETAILS ||===============
	 USER_SESSION_ID => 
	 USER_DOMAIN => 
	 USER_AGENT => Mozilla/5.0 (Windows NT 6.1; WOW64) AppleWebKit/537.22 (KHTML, like Gecko) Chrome/25.0.1364.172 Safari/537.22
	 USER_BROWSER => Chrome/25.0.1364.172
	 USER_PLATFORM => WinNT/Mozilla/5.0 (Windows NT 6.1; WOW64) AppleWebKit/537.22 (KHTML, like Gecko) Chrome/25.0.1364.172 Safari/537.22
	 USER_LANG => en-US,en;q=0.8
	 USER_LOCATION => 
	 REQUEST_TYPE => GET
	 MIME_TYPE => text/css
	 REQUEST_PAGE => /honeypots-app/h-admin/Styles/baseStyle.css
	 REQUEST_REFERER => http://localhost:1922/honeypots-app/h-admin/performance.aspx
	 REQUEST_CONTENT_SIZE => 0
	 RESPOSE_STATUS => 200
	 REQUEST_START_TIME => 24/03/2013 10:49:52 AM
	 REQUEST_END_TIME => 24/03/2013 10:49:52 AM
	 PROCESSING_TIME => 0
2013-03-24 10:49:52,871 [INFO] InfoLogger 
	===============|| REQUEST LOG DETAILS ||===============
	 USER_SESSION_ID => 
	 USER_DOMAIN => 
	 USER_AGENT => Mozilla/5.0 (Windows NT 6.1; WOW64) AppleWebKit/537.22 (KHTML, like Gecko) Chrome/25.0.1364.172 Safari/537.22
	 USER_BROWSER => Chrome/25.0.1364.172
	 USER_PLATFORM => WinNT/Mozilla/5.0 (Windows NT 6.1; WOW64) AppleWebKit/537.22 (KHTML, like Gecko) Chrome/25.0.1364.172 Safari/537.22
	 USER_LANG => en-US,en;q=0.8
	 USER_LOCATION => 
	 REQUEST_TYPE => GET
	 MIME_TYPE => application/x-javascript
	 REQUEST_PAGE => /honeypots-app/h-admin/Scripts/jquery-1.4.1.min.js
	 REQUEST_REFERER => http://localhost:1922/honeypots-app/h-admin/performance.aspx
	 REQUEST_CONTENT_SIZE => 0
	 RESPOSE_STATUS => 200
	 REQUEST_START_TIME => 24/03/2013 10:49:52 AM
	 REQUEST_END_TIME => 24/03/2013 10:49:52 AM
	 PROCESSING_TIME => 0
2013-03-24 10:49:52,873 [INFO] InfoLogger 
	===============|| REQUEST LOG DETAILS ||===============
	 USER_SESSION_ID => 
	 USER_DOMAIN => 
	 USER_AGENT => Mozilla/5.0 (Windows NT 6.1; WOW64) AppleWebKit/537.22 (KHTML, like Gecko) Chrome/25.0.1364.172 Safari/537.22
	 USER_BROWSER => Chrome/25.0.1364.172
	 USER_PLATFORM => WinNT/Mozilla/5.0 (Windows NT 6.1; WOW64) AppleWebKit/537.22 (KHTML, like Gecko) Chrome/25.0.1364.172 Safari/537.22
	 USER_LANG => en-US,en;q=0.8
	 USER_LOCATION => 
	 REQUEST_TYPE => GET
	 MIME_TYPE => text/css
	 REQUEST_PAGE => /honeypots-app/h-admin/Styles/default.css
	 REQUEST_REFERER => http://localhost:1922/honeypots-app/h-admin/performance.aspx
	 REQUEST_CONTENT_SIZE => 0
	 RESPOSE_STATUS => 200
	 REQUEST_START_TIME => 24/03/2013 10:49:52 AM
	 REQUEST_END_TIME => 24/03/2013 10:49:52 AM
	 PROCESSING_TIME => 0
2013-03-24 10:49:52,970 [INFO] InfoLogger 
	===============|| REQUEST LOG DETAILS ||===============
	 USER_SESSION_ID => 
	 USER_DOMAIN => 
	 USER_AGENT => Mozilla/5.0 (Windows NT 6.1; WOW64) AppleWebKit/537.22 (KHTML, like Gecko) Chrome/25.0.1364.172 Safari/537.22
	 USER_BROWSER => Chrome/25.0.1364.172
	 USER_PLATFORM => WinNT/Mozilla/5.0 (Windows NT 6.1; WOW64) AppleWebKit/537.22 (KHTML, like Gecko) Chrome/25.0.1364.172 Safari/537.22
	 USER_LANG => en-US,en;q=0.8
	 USER_LOCATION => 
	 REQUEST_TYPE => GET
	 MIME_TYPE => image/gif
	 REQUEST_PAGE => /honeypots-app/h-admin/images/bgimage.gif
	 REQUEST_REFERER => http://localhost:1922/honeypots-app/h-admin/performance.aspx
	 REQUEST_CONTENT_SIZE => 0
	 RESPOSE_STATUS => 200
	 REQUEST_START_TIME => 24/03/2013 10:49:52 AM
	 REQUEST_END_TIME => 24/03/2013 10:49:52 AM
	 PROCESSING_TIME => 0
2013-03-24 10:49:53,317 [INFO] InfoLogger 
	===============|| REQUEST LOG DETAILS ||===============
	 USER_SESSION_ID => m5bslfozhsvpgwhfnnt02iwv
	 USER_DOMAIN => --/--/--/127.0.0.1
	 USER_AGENT => Mozilla/5.0 (Windows NT 6.1; WOW64) AppleWebKit/537.22 (KHTML, like Gecko) Chrome/25.0.1364.172 Safari/537.22
	 USER_BROWSER => Chrome/25.0.1364.172
	 USER_PLATFORM => WinNT/Mozilla/5.0 (Windows NT 6.1; WOW64) AppleWebKit/537.22 (KHTML, like Gecko) Chrome/25.0.1364.172 Safari/537.22
	 USER_LANG => en-US,en;q=0.8
	 USER_LOCATION => --/--
	 REQUEST_TYPE => GET
	 MIME_TYPE => text/html
	 REQUEST_PAGE => /honeypots-app/h-admin/activityhistory.aspx
	 REQUEST_REFERER => http://localhost:1922/honeypots-app/h-admin/performance.aspx
	 REQUEST_CONTENT_SIZE => 0
	 RESPOSE_STATUS => 200
	 REQUEST_START_TIME => 24/03/2013 10:49:53 AM
	 REQUEST_END_TIME => 24/03/2013 10:49:53 AM
	 PROCESSING_TIME => 11.0006
2013-03-24 10:49:53,344 [INFO] InfoLogger 
	===============|| REQUEST LOG DETAILS ||===============
	 USER_SESSION_ID => 
	 USER_DOMAIN => 
	 USER_AGENT => Mozilla/5.0 (Windows NT 6.1; WOW64) AppleWebKit/537.22 (KHTML, like Gecko) Chrome/25.0.1364.172 Safari/537.22
	 USER_BROWSER => Chrome/25.0.1364.172
	 USER_PLATFORM => WinNT/Mozilla/5.0 (Windows NT 6.1; WOW64) AppleWebKit/537.22 (KHTML, like Gecko) Chrome/25.0.1364.172 Safari/537.22
	 USER_LANG => en-US,en;q=0.8
	 USER_LOCATION => 
	 REQUEST_TYPE => GET
	 MIME_TYPE => text/css
	 REQUEST_PAGE => /honeypots-app/h-admin/Styles/baseStyle.css
	 REQUEST_REFERER => http://localhost:1922/honeypots-app/h-admin/activityhistory.aspx
	 REQUEST_CONTENT_SIZE => 0
	 RESPOSE_STATUS => 200
	 REQUEST_START_TIME => 24/03/2013 10:49:53 AM
	 REQUEST_END_TIME => 24/03/2013 10:49:53 AM
	 PROCESSING_TIME => 1
2013-03-24 10:49:53,345 [INFO] InfoLogger 
	===============|| REQUEST LOG DETAILS ||===============
	 USER_SESSION_ID => 
	 USER_DOMAIN => 
	 USER_AGENT => Mozilla/5.0 (Windows NT 6.1; WOW64) AppleWebKit/537.22 (KHTML, like Gecko) Chrome/25.0.1364.172 Safari/537.22
	 USER_BROWSER => Chrome/25.0.1364.172
	 USER_PLATFORM => WinNT/Mozilla/5.0 (Windows NT 6.1; WOW64) AppleWebKit/537.22 (KHTML, like Gecko) Chrome/25.0.1364.172 Safari/537.22
	 USER_LANG => en-US,en;q=0.8
	 USER_LOCATION => 
	 REQUEST_TYPE => GET
	 MIME_TYPE => text/css
	 REQUEST_PAGE => /honeypots-app/h-admin/Styles/default.css
	 REQUEST_REFERER => http://localhost:1922/honeypots-app/h-admin/activityhistory.aspx
	 REQUEST_CONTENT_SIZE => 0
	 RESPOSE_STATUS => 200
	 REQUEST_START_TIME => 24/03/2013 10:49:53 AM
	 REQUEST_END_TIME => 24/03/2013 10:49:53 AM
	 PROCESSING_TIME => 0
2013-03-24 10:49:53,345 [INFO] InfoLogger 
	===============|| REQUEST LOG DETAILS ||===============
	 USER_SESSION_ID => 
	 USER_DOMAIN => 
	 USER_AGENT => Mozilla/5.0 (Windows NT 6.1; WOW64) AppleWebKit/537.22 (KHTML, like Gecko) Chrome/25.0.1364.172 Safari/537.22
	 USER_BROWSER => Chrome/25.0.1364.172
	 USER_PLATFORM => WinNT/Mozilla/5.0 (Windows NT 6.1; WOW64) AppleWebKit/537.22 (KHTML, like Gecko) Chrome/25.0.1364.172 Safari/537.22
	 USER_LANG => en-US,en;q=0.8
	 USER_LOCATION => 
	 REQUEST_TYPE => GET
	 MIME_TYPE => application/x-javascript
	 REQUEST_PAGE => /honeypots-app/h-admin/Scripts/jquery-1.4.1.min.js
	 REQUEST_REFERER => http://localhost:1922/honeypots-app/h-admin/activityhistory.aspx
	 REQUEST_CONTENT_SIZE => 0
	 RESPOSE_STATUS => 200
	 REQUEST_START_TIME => 24/03/2013 10:49:53 AM
	 REQUEST_END_TIME => 24/03/2013 10:49:53 AM
	 PROCESSING_TIME => 0
2013-03-24 10:49:53,491 [INFO] InfoLogger 
	===============|| REQUEST LOG DETAILS ||===============
	 USER_SESSION_ID => 
	 USER_DOMAIN => 
	 USER_AGENT => Mozilla/5.0 (Windows NT 6.1; WOW64) AppleWebKit/537.22 (KHTML, like Gecko) Chrome/25.0.1364.172 Safari/537.22
	 USER_BROWSER => Chrome/25.0.1364.172
	 USER_PLATFORM => WinNT/Mozilla/5.0 (Windows NT 6.1; WOW64) AppleWebKit/537.22 (KHTML, like Gecko) Chrome/25.0.1364.172 Safari/537.22
	 USER_LANG => en-US,en;q=0.8
	 USER_LOCATION => 
	 REQUEST_TYPE => GET
	 MIME_TYPE => image/gif
	 REQUEST_PAGE => /honeypots-app/h-admin/images/bgimage.gif
	 REQUEST_REFERER => http://localhost:1922/honeypots-app/h-admin/activityhistory.aspx
	 REQUEST_CONTENT_SIZE => 0
	 RESPOSE_STATUS => 200
	 REQUEST_START_TIME => 24/03/2013 10:49:53 AM
	 REQUEST_END_TIME => 24/03/2013 10:49:53 AM
	 PROCESSING_TIME => 1.0001
2013-03-24 10:49:53,857 [INFO] InfoLogger 
	===============|| REQUEST LOG DETAILS ||===============
	 USER_SESSION_ID => m5bslfozhsvpgwhfnnt02iwv
	 USER_DOMAIN => --/--/--/127.0.0.1
	 USER_AGENT => Mozilla/5.0 (Windows NT 6.1; WOW64) AppleWebKit/537.22 (KHTML, like Gecko) Chrome/25.0.1364.172 Safari/537.22
	 USER_BROWSER => Chrome/25.0.1364.172
	 USER_PLATFORM => WinNT/Mozilla/5.0 (Windows NT 6.1; WOW64) AppleWebKit/537.22 (KHTML, like Gecko) Chrome/25.0.1364.172 Safari/537.22
	 USER_LANG => en-US,en;q=0.8
	 USER_LOCATION => --/--
	 REQUEST_TYPE => GET
	 MIME_TYPE => text/html
	 REQUEST_PAGE => /honeypots-app/h-admin/useractivity.aspx
	 REQUEST_REFERER => http://localhost:1922/honeypots-app/h-admin/activityhistory.aspx
	 REQUEST_CONTENT_SIZE => 0
	 RESPOSE_STATUS => 200
	 REQUEST_START_TIME => 24/03/2013 10:49:53 AM
	 REQUEST_END_TIME => 24/03/2013 10:49:53 AM
	 PROCESSING_TIME => 134.0077
2013-03-24 10:49:53,887 [INFO] InfoLogger 
	===============|| REQUEST LOG DETAILS ||===============
	 USER_SESSION_ID => 
	 USER_DOMAIN => 
	 USER_AGENT => Mozilla/5.0 (Windows NT 6.1; WOW64) AppleWebKit/537.22 (KHTML, like Gecko) Chrome/25.0.1364.172 Safari/537.22
	 USER_BROWSER => Chrome/25.0.1364.172
	 USER_PLATFORM => WinNT/Mozilla/5.0 (Windows NT 6.1; WOW64) AppleWebKit/537.22 (KHTML, like Gecko) Chrome/25.0.1364.172 Safari/537.22
	 USER_LANG => en-US,en;q=0.8
	 USER_LOCATION => 
	 REQUEST_TYPE => GET
	 MIME_TYPE => text/css
	 REQUEST_PAGE => /honeypots-app/h-admin/Styles/baseStyle.css
	 REQUEST_REFERER => http://localhost:1922/honeypots-app/h-admin/useractivity.aspx
	 REQUEST_CONTENT_SIZE => 0
	 RESPOSE_STATUS => 200
	 REQUEST_START_TIME => 24/03/2013 10:49:53 AM
	 REQUEST_END_TIME => 24/03/2013 10:49:53 AM
	 PROCESSING_TIME => 1
2013-03-24 10:49:53,889 [INFO] InfoLogger 
	===============|| REQUEST LOG DETAILS ||===============
	 USER_SESSION_ID => 
	 USER_DOMAIN => 
	 USER_AGENT => Mozilla/5.0 (Windows NT 6.1; WOW64) AppleWebKit/537.22 (KHTML, like Gecko) Chrome/25.0.1364.172 Safari/537.22
	 USER_BROWSER => Chrome/25.0.1364.172
	 USER_PLATFORM => WinNT/Mozilla/5.0 (Windows NT 6.1; WOW64) AppleWebKit/537.22 (KHTML, like Gecko) Chrome/25.0.1364.172 Safari/537.22
	 USER_LANG => en-US,en;q=0.8
	 USER_LOCATION => 
	 REQUEST_TYPE => GET
	 MIME_TYPE => text/css
	 REQUEST_PAGE => /honeypots-app/h-admin/Styles/default.css
	 REQUEST_REFERER => http://localhost:1922/honeypots-app/h-admin/useractivity.aspx
	 REQUEST_CONTENT_SIZE => 0
	 RESPOSE_STATUS => 200
	 REQUEST_START_TIME => 24/03/2013 10:49:53 AM
	 REQUEST_END_TIME => 24/03/2013 10:49:53 AM
	 PROCESSING_TIME => 1
2013-03-24 10:49:53,893 [INFO] InfoLogger 
	===============|| REQUEST LOG DETAILS ||===============
	 USER_SESSION_ID => 
	 USER_DOMAIN => 
	 USER_AGENT => Mozilla/5.0 (Windows NT 6.1; WOW64) AppleWebKit/537.22 (KHTML, like Gecko) Chrome/25.0.1364.172 Safari/537.22
	 USER_BROWSER => Chrome/25.0.1364.172
	 USER_PLATFORM => WinNT/Mozilla/5.0 (Windows NT 6.1; WOW64) AppleWebKit/537.22 (KHTML, like Gecko) Chrome/25.0.1364.172 Safari/537.22
	 USER_LANG => en-US,en;q=0.8
	 USER_LOCATION => 
	 REQUEST_TYPE => GET
	 MIME_TYPE => application/x-javascript
	 REQUEST_PAGE => /honeypots-app/h-admin/Scripts/auto.js
	 REQUEST_REFERER => http://localhost:1922/honeypots-app/h-admin/useractivity.aspx
	 REQUEST_CONTENT_SIZE => 0
	 RESPOSE_STATUS => 200
	 REQUEST_START_TIME => 24/03/2013 10:49:53 AM
	 REQUEST_END_TIME => 24/03/2013 10:49:53 AM
	 PROCESSING_TIME => 1.0001
2013-03-24 10:49:53,894 [INFO] InfoLogger 
	===============|| REQUEST LOG DETAILS ||===============
	 USER_SESSION_ID => 
	 USER_DOMAIN => 
	 USER_AGENT => Mozilla/5.0 (Windows NT 6.1; WOW64) AppleWebKit/537.22 (KHTML, like Gecko) Chrome/25.0.1364.172 Safari/537.22
	 USER_BROWSER => Chrome/25.0.1364.172
	 USER_PLATFORM => WinNT/Mozilla/5.0 (Windows NT 6.1; WOW64) AppleWebKit/537.22 (KHTML, like Gecko) Chrome/25.0.1364.172 Safari/537.22
	 USER_LANG => en-US,en;q=0.8
	 USER_LOCATION => 
	 REQUEST_TYPE => GET
	 MIME_TYPE => application/x-javascript
	 REQUEST_PAGE => /honeypots-app/h-admin/Scripts/jquery-1.4.1.min.js
	 REQUEST_REFERER => http://localhost:1922/honeypots-app/h-admin/useractivity.aspx
	 REQUEST_CONTENT_SIZE => 0
	 RESPOSE_STATUS => 200
	 REQUEST_START_TIME => 24/03/2013 10:49:53 AM
	 REQUEST_END_TIME => 24/03/2013 10:49:53 AM
	 PROCESSING_TIME => 0
2013-03-24 10:49:54,010 [INFO] InfoLogger 
	===============|| REQUEST LOG DETAILS ||===============
	 USER_SESSION_ID => 
	 USER_DOMAIN => 
	 USER_AGENT => Mozilla/5.0 (Windows NT 6.1; WOW64) AppleWebKit/537.22 (KHTML, like Gecko) Chrome/25.0.1364.172 Safari/537.22
	 USER_BROWSER => Chrome/25.0.1364.172
	 USER_PLATFORM => WinNT/Mozilla/5.0 (Windows NT 6.1; WOW64) AppleWebKit/537.22 (KHTML, like Gecko) Chrome/25.0.1364.172 Safari/537.22
	 USER_LANG => en-US,en;q=0.8
	 USER_LOCATION => 
	 REQUEST_TYPE => GET
	 MIME_TYPE => image/gif
	 REQUEST_PAGE => /honeypots-app/h-admin/images/bgimage.gif
	 REQUEST_REFERER => http://localhost:1922/honeypots-app/h-admin/useractivity.aspx
	 REQUEST_CONTENT_SIZE => 0
	 RESPOSE_STATUS => 200
	 REQUEST_START_TIME => 24/03/2013 10:49:54 AM
	 REQUEST_END_TIME => 24/03/2013 10:49:54 AM
	 PROCESSING_TIME => 0
2013-03-24 10:49:54,011 [INFO] InfoLogger 
	===============|| REQUEST LOG DETAILS ||===============
	 USER_SESSION_ID => m5bslfozhsvpgwhfnnt02iwv
	 USER_DOMAIN => --/--/--/127.0.0.1
	 USER_AGENT => Mozilla/5.0 (Windows NT 6.1; WOW64) AppleWebKit/537.22 (KHTML, like Gecko) Chrome/25.0.1364.172 Safari/537.22
	 USER_BROWSER => Chrome/25.0.1364.172
	 USER_PLATFORM => WinNT/Mozilla/5.0 (Windows NT 6.1; WOW64) AppleWebKit/537.22 (KHTML, like Gecko) Chrome/25.0.1364.172 Safari/537.22
	 USER_LANG => en-US,en;q=0.8
	 USER_LOCATION => --/--
	 REQUEST_TYPE => GET
	 MIME_TYPE => image/png
	 REQUEST_PAGE => /honeypots-app/h-admin/ChartImg.axd
	 REQUEST_REFERER => http://localhost:1922/honeypots-app/h-admin/useractivity.aspx
	 REQUEST_CONTENT_SIZE => 0
	 RESPOSE_STATUS => 200
	 REQUEST_START_TIME => 24/03/2013 10:49:54 AM
	 REQUEST_END_TIME => 24/03/2013 10:49:54 AM
	 PROCESSING_TIME => 7.0004
2013-03-24 10:49:54,142 [INFO] InfoLogger 
	===============|| REQUEST LOG DETAILS ||===============
	 USER_SESSION_ID => m5bslfozhsvpgwhfnnt02iwv
	 USER_DOMAIN => --/--/--/127.0.0.1
	 USER_AGENT => Mozilla/5.0 (Windows NT 6.1; WOW64) AppleWebKit/537.22 (KHTML, like Gecko) Chrome/25.0.1364.172 Safari/537.22
	 USER_BROWSER => Chrome/25.0.1364.172
	 USER_PLATFORM => WinNT/Mozilla/5.0 (Windows NT 6.1; WOW64) AppleWebKit/537.22 (KHTML, like Gecko) Chrome/25.0.1364.172 Safari/537.22
	 USER_LANG => en-US,en;q=0.8
	 USER_LOCATION => --/--
	 REQUEST_TYPE => GET
	 MIME_TYPE => text/html
	 REQUEST_PAGE => /honeypots-app/h-admin/home.aspx
	 REQUEST_REFERER => http://localhost:1922/honeypots-app/h-admin/useractivity.aspx
	 REQUEST_CONTENT_SIZE => 0
	 RESPOSE_STATUS => 200
	 REQUEST_START_TIME => 24/03/2013 10:49:54 AM
	 REQUEST_END_TIME => 24/03/2013 10:49:54 AM
	 PROCESSING_TIME => 4.0002
2013-03-24 10:49:54,165 [INFO] InfoLogger 
	===============|| REQUEST LOG DETAILS ||===============
	 USER_SESSION_ID => 
	 USER_DOMAIN => 
	 USER_AGENT => Mozilla/5.0 (Windows NT 6.1; WOW64) AppleWebKit/537.22 (KHTML, like Gecko) Chrome/25.0.1364.172 Safari/537.22
	 USER_BROWSER => Chrome/25.0.1364.172
	 USER_PLATFORM => WinNT/Mozilla/5.0 (Windows NT 6.1; WOW64) AppleWebKit/537.22 (KHTML, like Gecko) Chrome/25.0.1364.172 Safari/537.22
	 USER_LANG => en-US,en;q=0.8
	 USER_LOCATION => 
	 REQUEST_TYPE => GET
	 MIME_TYPE => text/css
	 REQUEST_PAGE => /honeypots-app/h-admin/Styles/baseStyle.css
	 REQUEST_REFERER => http://localhost:1922/honeypots-app/h-admin/home.aspx
	 REQUEST_CONTENT_SIZE => 0
	 RESPOSE_STATUS => 200
	 REQUEST_START_TIME => 24/03/2013 10:49:54 AM
	 REQUEST_END_TIME => 24/03/2013 10:49:54 AM
	 PROCESSING_TIME => 0
2013-03-24 10:49:54,165 [INFO] InfoLogger 
	===============|| REQUEST LOG DETAILS ||===============
	 USER_SESSION_ID => 
	 USER_DOMAIN => 
	 USER_AGENT => Mozilla/5.0 (Windows NT 6.1; WOW64) AppleWebKit/537.22 (KHTML, like Gecko) Chrome/25.0.1364.172 Safari/537.22
	 USER_BROWSER => Chrome/25.0.1364.172
	 USER_PLATFORM => WinNT/Mozilla/5.0 (Windows NT 6.1; WOW64) AppleWebKit/537.22 (KHTML, like Gecko) Chrome/25.0.1364.172 Safari/537.22
	 USER_LANG => en-US,en;q=0.8
	 USER_LOCATION => 
	 REQUEST_TYPE => GET
	 MIME_TYPE => application/x-javascript
	 REQUEST_PAGE => /honeypots-app/h-admin/Scripts/jquery-1.4.1.min.js
	 REQUEST_REFERER => http://localhost:1922/honeypots-app/h-admin/home.aspx
	 REQUEST_CONTENT_SIZE => 0
	 RESPOSE_STATUS => 200
	 REQUEST_START_TIME => 24/03/2013 10:49:54 AM
	 REQUEST_END_TIME => 24/03/2013 10:49:54 AM
	 PROCESSING_TIME => 0
2013-03-24 10:49:54,167 [INFO] InfoLogger 
	===============|| REQUEST LOG DETAILS ||===============
	 USER_SESSION_ID => 
	 USER_DOMAIN => 
	 USER_AGENT => Mozilla/5.0 (Windows NT 6.1; WOW64) AppleWebKit/537.22 (KHTML, like Gecko) Chrome/25.0.1364.172 Safari/537.22
	 USER_BROWSER => Chrome/25.0.1364.172
	 USER_PLATFORM => WinNT/Mozilla/5.0 (Windows NT 6.1; WOW64) AppleWebKit/537.22 (KHTML, like Gecko) Chrome/25.0.1364.172 Safari/537.22
	 USER_LANG => en-US,en;q=0.8
	 USER_LOCATION => 
	 REQUEST_TYPE => GET
	 MIME_TYPE => text/css
	 REQUEST_PAGE => /honeypots-app/h-admin/Styles/default.css
	 REQUEST_REFERER => http://localhost:1922/honeypots-app/h-admin/home.aspx
	 REQUEST_CONTENT_SIZE => 0
	 RESPOSE_STATUS => 200
	 REQUEST_START_TIME => 24/03/2013 10:49:54 AM
	 REQUEST_END_TIME => 24/03/2013 10:49:54 AM
	 PROCESSING_TIME => 0
2013-03-24 10:49:54,255 [INFO] InfoLogger 
	===============|| REQUEST LOG DETAILS ||===============
	 USER_SESSION_ID => 
	 USER_DOMAIN => 
	 USER_AGENT => Mozilla/5.0 (Windows NT 6.1; WOW64) AppleWebKit/537.22 (KHTML, like Gecko) Chrome/25.0.1364.172 Safari/537.22
	 USER_BROWSER => Chrome/25.0.1364.172
	 USER_PLATFORM => WinNT/Mozilla/5.0 (Windows NT 6.1; WOW64) AppleWebKit/537.22 (KHTML, like Gecko) Chrome/25.0.1364.172 Safari/537.22
	 USER_LANG => en-US,en;q=0.8
	 USER_LOCATION => 
	 REQUEST_TYPE => GET
	 MIME_TYPE => image/gif
	 REQUEST_PAGE => /honeypots-app/h-admin/images/bgimage.gif
	 REQUEST_REFERER => http://localhost:1922/honeypots-app/h-admin/home.aspx
	 REQUEST_CONTENT_SIZE => 0
	 RESPOSE_STATUS => 200
	 REQUEST_START_TIME => 24/03/2013 10:49:54 AM
	 REQUEST_END_TIME => 24/03/2013 10:49:54 AM
	 PROCESSING_TIME => 0
2013-03-24 10:49:54,518 [INFO] InfoLogger 
	===============|| REQUEST LOG DETAILS ||===============
	 USER_SESSION_ID => m5bslfozhsvpgwhfnnt02iwv
	 USER_DOMAIN => --/--/--/127.0.0.1
	 USER_AGENT => Mozilla/5.0 (Windows NT 6.1; WOW64) AppleWebKit/537.22 (KHTML, like Gecko) Chrome/25.0.1364.172 Safari/537.22
	 USER_BROWSER => Chrome/25.0.1364.172
	 USER_PLATFORM => WinNT/Mozilla/5.0 (Windows NT 6.1; WOW64) AppleWebKit/537.22 (KHTML, like Gecko) Chrome/25.0.1364.172 Safari/537.22
	 USER_LANG => en-US,en;q=0.8
	 USER_LOCATION => --/--
	 REQUEST_TYPE => GET
	 MIME_TYPE => image/png
	 REQUEST_PAGE => /honeypots-app/h-admin/ChartImg.axd
	 REQUEST_REFERER => http://localhost:1922/honeypots-app/h-admin/useractivity.aspx
	 REQUEST_CONTENT_SIZE => 0
	 RESPOSE_STATUS => 200
	 REQUEST_START_TIME => 24/03/2013 10:49:54 AM
	 REQUEST_END_TIME => 24/03/2013 10:49:54 AM
	 PROCESSING_TIME => 513.0293
